============================= test session starts =============================
platform win32 -- Python 3.14.2, pytest-9.1.0, pluggy-1.6.0 -- C:\Python314\python.exe
cachedir: .pytest_cache
rootdir: C:\Users\guilh\Desktop\proj
plugins: anyio-4.14.0
collecting ... collected 8 items

tests/test_contract_api_data.py::TestContractGetDataEndpoint::test_get_data_returns_200_status PASSED [ 12%]
tests/test_contract_api_data.py::TestContractGetDataEndpoint::test_get_data_response_is_json PASSED [ 25%]
tests/test_contract_api_data.py::TestContractGetDataEndpoint::test_get_data_has_required_top_level_schema PASSED [ 37%]
tests/test_contract_api_data.py::TestContractGetDataEndpoint::test_get_data_response_structure PASSED [ 50%]
tests/test_contract_api_data.py::TestContractGetDataEndpoint::test_get_data_reading_schema_has_required_fields PASSED [ 62%]
tests/test_contract_api_data.py::TestContractGetDataEndpoint::test_get_data_with_after_id_parameter PASSED [ 75%]
tests/test_contract_api_data.py::TestContractGetDataEndpoint::test_get_data_count_matches_readings_length PASSED [ 87%]
tests/test_contract_api_data.py::TestContractGetDataEndpoint::test_get_data_latest_id_reflects_last_reading PASSED [100%]

============================== warnings summary ===============================
..\..\AppData\Roaming\Python\Python314\site-packages\fastapi\testclient.py:1
  C:\Users\guilh\AppData\Roaming\Python\Python314\site-packages\fastapi\testclient.py:1: StarletteDeprecationWarning: Using `httpx` with `starlette.testclient` is deprecated; install `httpx2` instead.
    from starlette.testclient import TestClient as TestClient  # noqa

-- Docs: https://docs.pytest.org/en/stable/how-to/capture-warnings.html
======================== 8 passed, 1 warning in 0.71s =========================
